<?xml version="1.0" encoding="UTF-8"?>
<!-- Generated by org.testng.reporters.JUnitReportReporter -->
<testsuite skipped="0" hostname="DESKTOP-T3EO6I8" name="com.qa.hubspot.tests.LoginPageTest" tests="6" failures="0" timestamp="24 Feb 2020 15:56:59 GMT" time="162.244" errors="0">
  <testcase name="loginPageTitleTest" time="18.452" classname="com.qa.hubspot.tests.LoginPageTest"/>
  <testcase name="loginPageTitleTest" time="33.812" classname="com.qa.hubspot.tests.LoginPageTest"/>
  <testcase name="signUpLinkTest" time="17.156" classname="com.qa.hubspot.tests.LoginPageTest"/>
  <testcase name="signUpLinkTest" time="21.562" classname="com.qa.hubspot.tests.LoginPageTest"/>
  <testcase name="loginTest" time="39.450" classname="com.qa.hubspot.tests.LoginPageTest"/>
  <testcase name="loginTest" time="31.812" classname="com.qa.hubspot.tests.LoginPageTest"/>
</testsuite> <!-- com.qa.hubspot.tests.LoginPageTest -->
